I?Az~rw}?
I?Ezvrwx_
I?H\~rw|?
I?L\~Rp|?
I?L{^rq{_
I?L|vbJ|?
I?L|vbRz?
I?Mi~rs{_
I?Mzvbwpo
I?Ujlnw}?
I?Ujlzw{_
I?Urtvk|?
I?Ur|rh|?
I?Utzrh|?
I?Uzdvi|?
I?Uztfh|?
I?Uztrb|?
I?\|tbRxO
I?\||b`sW
I?]|rjQwW
I?`ztnw}?
I?`ztvw|?
I?`|rnw}?
I?azrvw|?
I?djlzw{_
I?dlzzo{G
I?ejjnw}?
I?ejjzw{_
I?erzrh|?
I?hR|zw|?
I?hZtnw|?
I?h\rnw|?
I?hzlfX}?
I?hztjR}?
I?hztnW{G
I?hztvS{G
I?h|jfX}?
I?h|rjR}?
I?h|rnW{G
I?iRzzw|?
I?iZrnw|?
I?iZzzo{G
I?irrv[|?
I?izjfX}?
I?izrfX|?
I?izrjR}?
I?izrrR|?
I?izrvS{G
I?lrdnM}?
I?lrljJ}?
I?ltjvK{G
I?ltrnK{G
I?lzdfF}?
I?lzdfXx_
I?lzdf[wo
I?lztbdso
I?l|bfXx_
I?l|rjQwW
I?mrrnK{G
I?mzbfF}?
I?mzbfXx_
I?mzbf[wo
I?mzrjQwW
I@Azvr[y_
I@Az~rguG
I@D\^rwx_
I@D\~Rh|?
I@D\~RwxO
I@D{vVi|?
I@D{vVqz?
I@D{vrix_
I@D|vbJz?
I@EzvRXx_
I@G^nZwv?
I@HL~r[|?
I@H\^rY|?
I@H\vrkt_
I@H\}rwxO
I@H\~RX|?
I@H\~RwtO
I@H\~bhv?
I@Hk~rY|?
I@H{vVsu_
I@H{vfiv?
I@H{vrYx_
I@IY~rk{_
I@IY~rwx_
I@IzurXx_
I@IzvrKsg
I@Iz}rWwW
I@Iz~RWsW
I@KfnZ[v?
I@Kv]zcuG
I@Kv]zorG
I@Kv^ZWtG
I@KvnZWrG
I@KvvjKrG
I@K}~JWwW
I@K~fRTr_
I@K~fRUrO
I@K~fbMrO
I@K~ffKrG
I@K~ujKwW
I@LK~Zq|?
I@LL~RT|?
I@LL~bL|?
I@LL~b[xO
I@L[^Zq{_
I@L[^rqx_
I@L[~bbz?
I@L\NVY|?
I@L\Nfiv?
I@L\Uvsx_
I@L\Vf[x_
I@L\]rpx_
I@L\^RR|?
I@L\^bJ|?
I@L\^bYxO
I@L\vRdt_
I@L\}RpxO
I@L\~BXxO
I@L\~BhtO
I@L\~bgpW
I@Lc~r[x_
I@LknrYx_
I@Lkvret_
I@Lk~RR|?
I@Lk~bYxO
I@L{Nfiu_
I@L{Uvqx_
I@L{Vfqr_
I@L{^rasg
I@L{urbx_
I@L{vFbv?
I@L{vFdu_
I@L{vFitO
I@L{vFkso
I@L{vJiso
I@L{vbJx_
I@L{vbipo
I@L{vrapg
I@L|vbBrG
I@MYvZqx_
I@MYvrex_
I@MY~bhx_
I@MY~rcwg
I@Mivjqr_
I@Mi~bpr_
I@Mi~bwpo
I@Mi~rSwg
I@Mi~rcsg
I@MzuRppo
I@MzvBLso
I@Mz~BPqW
I@P\\nw}?
I@P\\zq}?
I@Pltz[{_
I@QZ\zq}?
I@Qjtz[{_
I@QztrJ|?
I@T\\za{G
I@Tl\zQ{G
I@TllrL{_
I@TttrLx_
I@T|drJx_
I@URlzky_
I@UZ\za{G
I@UZdnky_
I@UZlzgwg
I@UblzM}?
I@Ublz[y_
I@UdjzM}?
I@Uj\zQ{G
I@Ujdn[y_
I@UjdzM{_
I@UjlfL}?
I@UjljJ}?
I@UjljXy_
I@UjlnWyG
I@UjlrF}?
I@UjlrL{_
I@Ujlr[wo
I@UjlzI{G
I@UjlzWwg
I@Uj|bTyO
I@Uj|bduO
I@UlYzq{O
I@UljfL}?
I@UljjXy_
I@UljrF}?
I@Uljr[wo
I@UljzI{G
I@UrdvMz?
I@UrlrJz?
I@UrtfLz?
I@UrtrFz?
I@UrtvKxG
I@Ur|rHxG
I@UtjrJz?
I@UtzrHxG
I@UzdfJz?
I@UzdvIxG
I@UztfHxG
I@UztrBxG
I@X[|re{O
I@X\\rU{O
I@X\dzM{_
I@YRlz[y_
I@YZ\rU{O
I@YZdn[y_
I@YZlzWwg
I@Y\Yzq{O
I@YjljXu_
I@YjlnWuG
I@Yj|bTuO
I@\|tbBpW
I@`Lzzs}?
I@`R|zk}?
I@`Z\zq}?
I@`Ztnk}?
I@`Ztvk|?
I@`Ztze}?
I@`Ztzi|?
I@`Z|jh}?
I@`Z|rd}?
I@`Z|rh|?
I@`Z|zg{G
I@`\rnk}?
I@`\zjh}?
I@`i|nw}?
I@`jtz[{_
I@`ztjJ}?
I@`ztjXy_
I@`ztnguG
I@`ztrF}?
I@`ztrXx_
I@`ztvWxG
I@`ztzI{G
I@`z|bhuO
I@`z|rH{G
I@`|rjJ}?
I@`|rjXy_
I@`|rnguG
I@`|rrXx_
I@`|zbhuO
I@aJzzw|?
I@aZrnk}?
I@aZzjh}?
I@abzz[}?
I@ajrv[|?
I@ajzrT}?
I@ajzrX|?
I@ajzzW{G
I@azrjJ}?
I@azrjXy_
I@azrrJ|?
I@azrvWxG
I@dRlzky_
I@dZdnky_
I@dZlzgwg
I@d\jrkwo
I@d\rjkwo
I@dblz[y_
I@ddzzK{G
I@dj\zQ{G
I@djdn[y_
I@djlrL{_
I@djlzWwg
I@dzdrJx_
I@dzlfHyG
I@dztjByG
I@d|jfHyG
I@d|rjByG
I@eRjzky_
I@eZbnky_
I@eZjzgwg
I@eZrjkwo
I@ebjzM}?
I@ebjz[y_
I@ejbn[y_
I@ejjfL}?
I@ejjjJ}?
I@ejjjXy_
I@ejjnWyG
I@ejjrF}?
I@ejjr[wo
I@ejjzI{G
I@ejjzWwg
I@erjrJz?
I@errfLz?
I@errrFz?
I@errvKxG
I@erzrHxG
I@ezbfJz?
I@ezjfHyG
I@ezrfHxG
I@ezrjByG
I@ezrrBxG
I@hRlz[y_
I@hRtn[z?
I@hR|zWxG
I@hR|zgtG
I@hTrn[z?
I@hYlni}?
I@hYlve}?
I@hYtne}?
I@hY|^o{G
I@hY|jb}?
I@hY|re{O
I@hZLnY}?
I@hZLvU}?
I@hZTnU}?
I@hZ\fT}?
I@hZ\jR}?
I@hZ\rU{O
I@hZdn[y_
I@hZlzWwg
I@hZtjXx_
I@hZtjYxO
I@hZtjht_
I@hZtjitO
I@hZtnK{G
I@hZtnWxG
I@hZtngtG
I@h[jni}?
I@h[jve}?
I@h[rne}?
I@h[z^o{G
I@h[zjb}?
I@h\JnY}?
I@h\JvU}?
I@h\RnU}?
I@h\ZfT}?
I@h\ZjR}?
I@h\rjXx_
I@h\rjYxO
I@h\rjht_
I@h\rjitO
I@h\rnK{G
I@h\rnWxG
I@h\rngtG
I@hdjv[v?
I@hdrn[v?
I@hdzzSuG
I@hilnY}?
I@hilvU}?
I@hjtjXt_
I@hjtjYtO
I@hjtnWtG
I@hkjnY}?
I@hkjvU}?
I@hkyzp{_
I@hlrjXt_
I@hlrjYtO
I@hlrnWtG
I@iRjvkv?
I@iRjz[y_
I@iRzzK{G
I@iRzzcuG
I@iRzzgtG
I@iYjni}?
I@iYjve}?
I@iYzjb}?
I@iZJnY}?
I@iZJvU}?
I@iZRnU}?
I@iZYzp{_
I@iZZfT}?
I@iZZjR}?
I@iZbn[y_
I@iZjzWwg
I@iZrjXx_
I@iZrjYxO
I@iZrjht_
I@iZrjitO
I@iZrnK{G
I@iZrnWxG
I@iZrngtG
I@iZzbduO
I@iZzbhtO
I@ibrn[v?
I@ibzzWtG
I@iijnY}?
I@iijvU}?
I@iiyzq{O
I@ijjjYuO
I@ijjnWuG
I@ijrjXt_
I@ijrjYtO
I@ijrnWtG
I@ijzbXtO
I@lzdfHpg
I@lzdfKow
I@lztbDow
I@l|bbFqo
I@l|bfHpg
I@mzbbJpo
I@mzbfHpg
I@mzbfKow
IAPd|y{}?
IAPllu{}?
IAQb|y{}?
IAQlju{}?
IATdl]{}?
IATt\Yr}?
IATt\ij}?
IAUb\m{}?
IAUdl\{}?
IAabzy{}?
IAaljt{}?
IAdb\m{}?
IAdbl]{}?
IAebZm{}?
IBPd\y]}?
IBPlTm]}?
IBPl\qV}?
IBPld]]}?
IBPllqN}?
IBPtT]]}?
IBPt\qN}?
IBP|TUV}?
IBP|dUN}?
IBQb\y]}?
IBQdZy]}?
IBQlRm]}?
IBQtR]]}?
IBTdL]]}?
IBTd\YV}?
IBTdlYN}?
IBTlLUV}?
IBTlLeN}?
IBTtLUN}?
IBUdJ]]}?
IBXdK}]}?
IBXdLu]v?
IBXdk]\}?
IBXdlYZv?
IBXlc]V}?
IBXtLUZv?
IBXtc]N}?
IBYBl]{v?
IBYB|ilv?
IBYRL]yv?
IBYR\Yrv?
IBYR\ijv?
IBYRlYjv?
IBYTJ]yv?
IBYTL\yv?
IBYT\Xrv?
IBYT\hjv?
IBYZLejv?
IBY\JUrv?
IBYbLu]v?
IBYb\iZv?
IBYbk]\}?
IBYdI}]}?
IBYdJu]v?
IBYdi]\}?
IBYdk\\}?
IBYlQmV}?
IBYla]V}?
IBYrLUZv?
IBYtJUZv?
IB\dKmN}?
IB\dLMZv?
IB]BLmmv?
IB]BlMlv?
IB]RLMjv?
IB]TLLjv?
IB]bLMZv?
IB]dI]V}?
IB`b\y]}?
IB`dZy]}?
IB`jTm]}?
IB`j\qV}?
IB`jtYV}?
IB`jtiN}?
IB`lRm]}?
IB`lb]]}?
IB`rT]]}?
IB`r\qN}?
IB`rtYN}?
IB`tR]]}?
IBabZy]}?
IBdbL]]}?
IBdb\YV}?
IBdb\iN}?
IBdblYN}?
IBddJ]]}?
IBdjTMV}?
IBdrTMN}?
IBhbLu]v?
IBhb[m\}?
IBhb\iZv?
IBhbk]\}?
IBhblYZv?
IBhdJu]v?
IBhdYm\}?
IBhdi]\}?
IBhrLUZv?
IBhtJUZv?
IBhta]N}?
IBiBZm{v?
IBiBZyuv?
IBiBjymv?
IBiRJ]yv?
IBiRL\yv?
IBiRZYrv?
IBiRZijv?
IBiR\Xrv?
IBiR\hjv?
IBiRlXjv?
IBiTJ\yv?
IBiZJUrv?
IBiZJejv?
IBi\JTrv?
IBibJu]v?
IBibYm\}?
IBibZiZv?
IBibi]\}?
IBidI|]}?
IBila\V}?
IBirJUZv?
IBita\N}?
IBlbLMZv?
IBmBJ]uv?
IBmBJmmv?
IBmBZifv?
IBmRJMjv?
IBmRLLjv?
IBmbJMZv?
IBmdI\V}?
ICQjlt{}?
ICQjlxy}?
ICQr\t{}?
ICQr\xy}?
ICUlRlu}?
ICUlZhr}?
ICUlb\u}?
ICUljTt}?
ICUljXr}?
ICUtb\m}?
ICUtjXj}?
IDPb\y]}?
IDPdZy]}?
IDPjTm]}?
IDPj\qV}?
IDPjtYV}?
IDPjtiN}?
IDPlRm]}?
IDPlb]]}?
IDPrT]]}?
IDPr\qN}?
IDPrtYN}?
IDPtR]]}?
IDQbZy]}?
IDTbL]]}?
IDTb\YV}?
IDTb\iN}?
IDTblYN}?
IDTdJ]]}?
IDTjTMV}?
IDTrTMN}?
IDXrLUZv?
IDXtJUZv?
IDYRJ]yv?
IDYRL\yv?
IDYRZYrv?
IDYRZijv?
IDYR\Xrv?
IDYR\hjv?
IDYRlXjv?
IDYTJ\yv?
IDYbK|]}?
IDYjc\V}?
IDYjclN}?
IDYrJUZv?
IDYrS\V}?
IDYrSlN}?
IDYta\N}?
ID]RJMjv?
ID]RLLjv?
ID]bK\V}?
ID]bKlN}?
ID`bZy]}?
ID`jRm]}?
ID`rR]]}?
ID`rrYN}?
ID`zRUV}?
IDdbJ]]}?
IDdjRMV}?
IDdrJUN}?
IDhbJu]v?
IDhbjYZv?
IDhrJUZv?
IDiBzhlv?
IDiRJ\yv?
IDiRZXrv?
IDiRZhjv?
IDiZJdjv?
IDlbJMZv?
IDmBjXfv?
IDmRJLjv?
ISaBzx{^?
ISiRzX[[W
ITaBzxkVG
ITaJZptV_
ITaJrhlV_
ITaJzX[[W
ITeazXpRg
ITebjXYRW
ITebrXTRg
ITebrXURW
ITiByx[XW
ITiBzX[TW
ITiRYxdUg
ITiRYxhTg
ITiRYxiTW
ITiRrhLRg
ITiYzHXWw
ITiZJHZUo
ITiZJLYUW
ITiZJdLUg
ITiZbTTRg
ITiZbTURW
ITiZbdMRW
ITiayx[Ww
ITiayxdUg
ITiayxkSw
ITibYxTUg
ITmBjXTRg
ITmBjXURW
ITmBjX[Pw
ITmBjhMRW
ITmBzHTRW
ITmaYhN[o
ITmaZHVUo
ITmaiXfUo
ITmayXdSw
ITmayhLWw
ITmbYXTSw
ITmbiXLSw
ITmbiXXPw
ITmbqhLPw
ITmqYXbSw
ITmqiXbQw
ITmqrHJPw
ITmrQpFPw
ITmzAdJPw
